<?xml version="1.0" encoding="UTF-8"?>
<!-- Generated by org.testng.reporters.JUnitXMLReporter -->
<testsuite hostname="DESKTOP-M362J98" ignored="0" name="Default test" tests="1" failures="1" timestamp="07 Feb 2022 05:24:06 GMT" time="27.88" errors="0">
  <testcase name="exe" time="23.251" classname="org.mainexe.Execution">
    <failure type="org.openqa.selenium.ElementClickInterceptedException" message="element click intercepted: Element &amp;lt;a href=&amp;quot;javascript:;&amp;quot; role=&amp;quot;button&amp;quot; class=&amp;quot;cta cta--contained cta--emphasis s-btn-encased addon-continue-btn&amp;quot; title=&amp;quot;Continue&amp;quot; an-tr=&amp;quot;bridge_free gift-flagship pdp-cta-add button&amp;quot; an-ca=&amp;quot;ecommerce&amp;quot; an-ac=&amp;quot;addToCart&amp;quot; an-la=&amp;quot;free gift:continue&amp;quot; data-pimsubtype=&amp;quot;galaxy z,&amp;quot; data-pvitype=&amp;quot;mobile,&amp;quot; data-pvisubtype=&amp;quot;smartphone,&amp;quot; data-modelcode=&amp;quot;SM-F926BZKD,SM-R177NZKA-N&amp;quot; data-modelname=&amp;quot;SM-F926B/DS,SM-R177NZKA-N&amp;quot; data-modelrevenue=&amp;quot;171999,&amp;quot; data-modelprice=&amp;quot;171999,&amp;quot; data-modelqty=&amp;quot;1,&amp;quot; data-modeldisplay=&amp;quot;Galaxy Z Fold3 5G,&amp;quot; data-modelcurrency=&amp;quot;INR,INR&amp;quot; data-discountprice=&amp;quot;149999,0&amp;quot;&amp;gt;...&amp;lt;/a&amp;gt; is not clickable at point (1232, 34). Other element would receive the click: &amp;lt;a class=&amp;quot;gnb__search-btn gnb__search-btn-js&amp;quot; href=&amp;quot;javascript:void(0)&amp;quot; role=&amp;quot;button&amp;quot; an-tr=&amp;quot;nv00_gnb--text-depth1&amp;quot; an-ca=&amp;quot;navigation&amp;quot; an-ac=&amp;quot;gnb&amp;quot; an-la=&amp;quot;search&amp;quot;&amp;gt;...&amp;lt;/a&amp;gt;
  (Session info: chrome=97.0.4692.99)
Build info: version: &amp;apos;3.141.59&amp;apos;, revision: &amp;apos;e82be7d358&amp;apos;, time: &amp;apos;2018-11-14T08:17:03&amp;apos;
System info: host: &amp;apos;DESKTOP-M362J98&amp;apos;, ip: &amp;apos;192.168.1.6&amp;apos;, os.name: &amp;apos;Windows 10&amp;apos;, os.arch: &amp;apos;amd64&amp;apos;, os.version: &amp;apos;10.0&amp;apos;, java.version: &amp;apos;1.8.0_301&amp;apos;
Driver info: org.openqa.selenium.chrome.ChromeDriver
Capabilities {acceptInsecureCerts: false, browserName: chrome, browserVersion: 97.0.4692.99, chrome: {chromedriverVersion: 96.0.4664.45 (76e4c1bb2ab46..., userDataDir: C:\Users\yogesh\AppData\Loc...}, goog:chromeOptions: {debuggerAddress: localhost:61191}, javascriptEnabled: true, networkConnectionEnabled: false, pageLoadStrategy: normal, platform: WINDOWS, platformName: WINDOWS, proxy: Proxy(), setWindowRect: true, strictFileInteractability: false, timeouts: {implicit: 0, pageLoad: 300000, script: 30000}, unhandledPromptBehavior: dismiss and notify, webauthn:extension:credBlob: true, webauthn:extension:largeBlob: true, webauthn:virtualAuthenticators: true}
Session ID: 6c24cd0a0ec6d0ef9d82f6d192cd5ac7">
      <![CDATA[org.openqa.selenium.ElementClickInterceptedException: element click intercepted: Element <a href="javascript:;" role="button" class="cta cta--contained cta--emphasis s-btn-encased addon-continue-btn" title="Continue" an-tr="bridge_free gift-flagship pdp-cta-add button" an-ca="ecommerce" an-ac="addToCart" an-la="free gift:continue" data-pimsubtype="galaxy z," data-pvitype="mobile," data-pvisubtype="smartphone," data-modelcode="SM-F926BZKD,SM-R177NZKA-N" data-modelname="SM-F926B/DS,SM-R177NZKA-N" data-modelrevenue="171999," data-modelprice="171999," data-modelqty="1," data-modeldisplay="Galaxy Z Fold3 5G," data-modelcurrency="INR,INR" data-discountprice="149999,0">...</a> is not clickable at point (1232, 34). Other element would receive the click: <a class="gnb__search-btn gnb__search-btn-js" href="javascript:void(0)" role="button" an-tr="nv00_gnb--text-depth1" an-ca="navigation" an-ac="gnb" an-la="search">...</a>
  (Session info: chrome=97.0.4692.99)
Build info: version: '3.141.59', revision: 'e82be7d358', time: '2018-11-14T08:17:03'
System info: host: 'DESKTOP-M362J98', ip: '192.168.1.6', os.name: 'Windows 10', os.arch: 'amd64', os.version: '10.0', java.version: '1.8.0_301'
Driver info: org.openqa.selenium.chrome.ChromeDriver
Capabilities {acceptInsecureCerts: false, browserName: chrome, browserVersion: 97.0.4692.99, chrome: {chromedriverVersion: 96.0.4664.45 (76e4c1bb2ab46..., userDataDir: C:\Users\yogesh\AppData\Loc...}, goog:chromeOptions: {debuggerAddress: localhost:61191}, javascriptEnabled: true, networkConnectionEnabled: false, pageLoadStrategy: normal, platform: WINDOWS, platformName: WINDOWS, proxy: Proxy(), setWindowRect: true, strictFileInteractability: false, timeouts: {implicit: 0, pageLoad: 300000, script: 30000}, unhandledPromptBehavior: dismiss and notify, webauthn:extension:credBlob: true, webauthn:extension:largeBlob: true, webauthn:virtualAuthenticators: true}
Session ID: 6c24cd0a0ec6d0ef9d82f6d192cd5ac7
at sun.reflect.NativeConstructorAccessorImpl.newInstance0(Native Method)
at sun.reflect.NativeConstructorAccessorImpl.newInstance(Unknown Source)
at sun.reflect.DelegatingConstructorAccessorImpl.newInstance(Unknown Source)
at java.lang.reflect.Constructor.newInstance(Unknown Source)
at org.openqa.selenium.remote.http.W3CHttpResponseCodec.createException(W3CHttpResponseCodec.java:187)
at org.openqa.selenium.remote.http.W3CHttpResponseCodec.decode(W3CHttpResponseCodec.java:122)
at org.openqa.selenium.remote.http.W3CHttpResponseCodec.decode(W3CHttpResponseCodec.java:49)
at org.openqa.selenium.remote.HttpCommandExecutor.execute(HttpCommandExecutor.java:158)
at org.openqa.selenium.remote.service.DriverCommandExecutor.execute(DriverCommandExecutor.java:83)
at org.openqa.selenium.remote.RemoteWebDriver.execute(RemoteWebDriver.java:552)
at org.openqa.selenium.remote.RemoteWebElement.execute(RemoteWebElement.java:285)
at org.openqa.selenium.remote.RemoteWebElement.click(RemoteWebElement.java:84)
at sun.reflect.NativeMethodAccessorImpl.invoke0(Native Method)
at sun.reflect.NativeMethodAccessorImpl.invoke(Unknown Source)
at sun.reflect.DelegatingMethodAccessorImpl.invoke(Unknown Source)
at java.lang.reflect.Method.invoke(Unknown Source)
at org.openqa.selenium.support.pagefactory.internal.LocatingElementHandler.invoke(LocatingElementHandler.java:51)
at com.sun.proxy.$Proxy8.click(Unknown Source)
at org.samsungproject.BaseClass.press(BaseClass.java:40)
at org.mobileexecution.MobileExecution.mobilePage(MobileExecution.java:36)
at org.mainexe.Execution.exe(Execution.java:12)
at sun.reflect.NativeMethodAccessorImpl.invoke0(Native Method)
at sun.reflect.NativeMethodAccessorImpl.invoke(Unknown Source)
at sun.reflect.DelegatingMethodAccessorImpl.invoke(Unknown Source)
at java.lang.reflect.Method.invoke(Unknown Source)
at org.testng.internal.MethodInvocationHelper.invokeMethod(MethodInvocationHelper.java:124)
at org.testng.internal.Invoker.invokeMethod(Invoker.java:583)
at org.testng.internal.Invoker.invokeTestMethod(Invoker.java:719)
at org.testng.internal.Invoker.invokeTestMethods(Invoker.java:989)
at org.testng.internal.TestMethodWorker.invokeTestMethods(TestMethodWorker.java:125)
at org.testng.internal.TestMethodWorker.run(TestMethodWorker.java:109)
at org.testng.TestRunner.privateRun(TestRunner.java:648)
at org.testng.TestRunner.run(TestRunner.java:505)
at org.testng.SuiteRunner.runTest(SuiteRunner.java:455)
at org.testng.SuiteRunner.runSequentially(SuiteRunner.java:450)
at org.testng.SuiteRunner.privateRun(SuiteRunner.java:415)
at org.testng.SuiteRunner.run(SuiteRunner.java:364)
at org.testng.SuiteRunnerWorker.runSuite(SuiteRunnerWorker.java:52)
at org.testng.SuiteRunnerWorker.run(SuiteRunnerWorker.java:84)
at org.testng.TestNG.runSuitesSequentially(TestNG.java:1208)
at org.testng.TestNG.runSuitesLocally(TestNG.java:1137)
at org.testng.TestNG.runSuites(TestNG.java:1049)
at org.testng.TestNG.run(TestNG.java:1017)
at org.testng.remote.AbstractRemoteTestNG.run(AbstractRemoteTestNG.java:132)
at org.testng.remote.RemoteTestNG.initAndRun(RemoteTestNG.java:230)
at org.testng.remote.RemoteTestNG.main(RemoteTestNG.java:76)
]]>
    </failure>
  </testcase> <!-- exe -->
</testsuite> <!-- Default test -->
